<?xml version="1.0" encoding="UTF-8"?>
<testng-results ignored="0" total="3" passed="3" failed="0" skipped="0">
  <reporter-output>
  </reporter-output>
  <suite started-at="2023-11-29T21:06:18 IST" name="Suite" finished-at="2023-11-29T21:06:41 IST" duration-ms="22665">
    <groups>
      <group name="cucumber">
        <method signature="AbstractTestNGCucumberTests.runScenario(io.cucumber.testng.PickleWrapper,io.cucumber.testng.FeatureWrapper)[pri:0, instance:runner.RunCuke@1033576a]" name="runScenario" class="io.cucumber.testng.AbstractTestNGCucumberTests"/>
      </group> <!-- cucumber -->
    </groups>
    <test started-at="2023-11-29T21:06:18 IST" name="Test" finished-at="2023-11-29T21:06:41 IST" duration-ms="22665">
      <class name="runner.RunCuke">
        <test-method is-config="true" signature="setUpClass(org.testng.ITestContext)[pri:0, instance:runner.RunCuke@1033576a]" started-at="2023-11-29T21:06:18 IST" name="setUpClass" finished-at="2023-11-29T21:06:19 IST" duration-ms="830" status="PASS">
          <params>
            <param index="0">
              <value>
                <![CDATA[org.testng.TestRunner@1b8d20e6]]>
              </value>
            </param>
          </params>
          <reporter-output>
          </reporter-output>
        </test-method> <!-- setUpClass -->
        <test-method signature="runScenario(io.cucumber.testng.PickleWrapper,io.cucumber.testng.FeatureWrapper)[pri:0, instance:runner.RunCuke@1033576a]" started-at="2023-11-29T21:06:19 IST" name="runScenario" description="Runs Cucumber Scenarios" data-provider="scenarios" finished-at="2023-11-29T21:06:28 IST" duration-ms="8905" status="PASS">
          <params>
            <param index="0">
              <value>
                <![CDATA["Finding new cars"]]>
              </value>
            </param>
            <param index="1">
              <value>
                <![CDATA["Searching New Cars"]]>
              </value>
            </param>
          </params>
          <reporter-output>
          </reporter-output>
        </test-method> <!-- runScenario -->
        <test-method signature="runScenario(io.cucumber.testng.PickleWrapper,io.cucumber.testng.FeatureWrapper)[pri:0, instance:runner.RunCuke@1033576a]" started-at="2023-11-29T21:06:28 IST" name="runScenario" description="Runs Cucumber Scenarios" data-provider="scenarios" finished-at="2023-11-29T21:06:34 IST" duration-ms="6411" status="PASS">
          <params>
            <param index="0">
              <value>
                <![CDATA["Finding new cars"]]>
              </value>
            </param>
            <param index="1">
              <value>
                <![CDATA["Searching New Cars"]]>
              </value>
            </param>
          </params>
          <reporter-output>
          </reporter-output>
        </test-method> <!-- runScenario -->
        <test-method signature="runScenario(io.cucumber.testng.PickleWrapper,io.cucumber.testng.FeatureWrapper)[pri:0, instance:runner.RunCuke@1033576a]" started-at="2023-11-29T21:06:34 IST" name="runScenario" description="Runs Cucumber Scenarios" data-provider="scenarios" finished-at="2023-11-29T21:06:40 IST" duration-ms="6112" status="PASS">
          <params>
            <param index="0">
              <value>
                <![CDATA["Finding new cars"]]>
              </value>
            </param>
            <param index="1">
              <value>
                <![CDATA["Searching New Cars"]]>
              </value>
            </param>
          </params>
          <reporter-output>
          </reporter-output>
        </test-method> <!-- runScenario -->
        <test-method is-config="true" signature="tearDownClass()[pri:0, instance:runner.RunCuke@1033576a]" started-at="2023-11-29T21:06:40 IST" name="tearDownClass" finished-at="2023-11-29T21:06:41 IST" duration-ms="369" status="PASS">
          <reporter-output>
          </reporter-output>
        </test-method> <!-- tearDownClass -->
      </class> <!-- runner.RunCuke -->
    </test> <!-- Test -->
  </suite> <!-- Suite -->
</testng-results>
